[1012/220134:ERROR:proxy_service_factory.cc(129)] Cannot use V8 Proxy resolver in single process mode.
[1012/220241:WARNING:pref_notifier_impl.cc(27)] pref observer found at shutdown proxy
[1012/220241:WARNING:pref_notifier_impl.cc(27)] pref observer found at shutdown profile.managed_cookies_sessiononly_for_urls
[1012/220241:WARNING:pref_notifier_impl.cc(27)] pref observer found at shutdown profile.default_content_setting_values.auto_select_certificate
[1012/220241:WARNING:pref_notifier_impl.cc(27)] pref observer found at shutdown profile.managed_auto_select_certificate_for_urls
[1012/220241:WARNING:pref_notifier_impl.cc(27)] pref observer found at shutdown profile.default_content_settings
[1012/220241:WARNING:pref_notifier_impl.cc(27)] pref observer found at shutdown profile.managed_default_content_settings.plugins
[1012/220241:WARNING:pref_notifier_impl.cc(27)] pref observer found at shutdown profile.managed_javascript_blocked_for_urls
[1012/220241:WARNING:pref_notifier_impl.cc(27)] pref observer found at shutdown profile.managed_cookies_allowed_for_urls
[1012/220241:WARNING:pref_notifier_impl.cc(27)] pref observer found at shutdown profile.default_content_setting_values.notifications
[1012/220241:WARNING:pref_notifier_impl.cc(27)] pref observer found at shutdown profile.default_content_setting_values.app_banner
[1012/220241:WARNING:pref_notifier_impl.cc(27)] pref observer found at shutdown profile.managed_cookies_blocked_for_urls
[1012/220241:WARNING:pref_notifier_impl.cc(27)] pref observer found at shutdown profile.managed_images_allowed_for_urls
[1012/220241:WARNING:pref_notifier_impl.cc(27)] pref observer found at shutdown profile.managed_default_content_settings.cookies
[1012/220241:WARNING:pref_notifier_impl.cc(27)] pref observer found at shutdown profile.managed_images_blocked_for_urls
[1012/220241:WARNING:pref_notifier_impl.cc(27)] pref observer found at shutdown profile.managed_javascript_allowed_for_urls
[1012/220241:WARNING:pref_notifier_impl.cc(27)] pref observer found at shutdown profile.managed_plugins_blocked_for_urls
[1012/220241:WARNING:pref_notifier_impl.cc(27)] pref observer found at shutdown profile.content_settings.exceptions.ssl_cert_decisions
[1012/220241:WARNING:pref_notifier_impl.cc(27)] pref observer found at shutdown profile.managed_plugins_allowed_for_urls
[1012/220241:WARNING:pref_notifier_impl.cc(27)] pref observer found at shutdown profile.managed_popups_blocked_for_urls
[1012/220241:WARNING:pref_notifier_impl.cc(27)] pref observer found at shutdown profile.default_content_setting_values.mouselock
[1012/220241:WARNING:pref_notifier_impl.cc(27)] pref observer found at shutdown profile.default_content_setting_values.plugins
[1012/220241:WARNING:pref_notifier_impl.cc(27)] pref observer found at shutdown profile.managed_popups_allowed_for_urls
[1012/220241:WARNING:pref_notifier_impl.cc(27)] pref observer found at shutdown profile.default_content_setting_values.media_stream_camera
[1012/220241:WARNING:pref_notifier_impl.cc(27)] pref observer found at shutdown profile.default_content_setting_values.durable_storage
[1012/220241:WARNING:pref_notifier_impl.cc(27)] pref observer found at shutdown profile.content_settings.exceptions.media_stream_mic
[1012/220241:WARNING:pref_notifier_impl.cc(27)] pref observer found at shutdown profile.managed_notifications_allowed_for_urls
[1012/220241:WARNING:pref_notifier_impl.cc(27)] pref observer found at shutdown profile.managed_notifications_blocked_for_urls
[1012/220241:WARNING:pref_notifier_impl.cc(27)] pref observer found at shutdown profile.default_content_setting_values.javascript
[1012/220241:WARNING:pref_notifier_impl.cc(27)] pref observer found at shutdown profile.content_settings.exceptions.media_stream
[1012/220241:WARNING:pref_notifier_impl.cc(27)] pref observer found at shutdown profile.managed_default_content_settings.popups
[1012/220241:WARNING:pref_notifier_impl.cc(27)] pref observer found at shutdown profile.managed_default_content_settings.images
[1012/220241:WARNING:pref_notifier_impl.cc(27)] pref observer found at shutdown profile.managed_default_content_settings.javascript
[1012/220241:WARNING:pref_notifier_impl.cc(27)] pref observer found at shutdown profile.managed_default_content_settings.geolocation
[1012/220241:WARNING:pref_notifier_impl.cc(27)] pref observer found at shutdown profile.content_settings.exceptions.protocol_handlers
[1012/220241:WARNING:pref_notifier_impl.cc(27)] pref observer found at shutdown profile.content_settings.exceptions.ppapi_broker
[1012/220241:WARNING:pref_notifier_impl.cc(27)] pref observer found at shutdown profile.managed_default_content_settings.notifications
[1012/220241:WARNING:pref_notifier_impl.cc(27)] pref observer found at shutdown profile.default_content_setting_values.cookies
[1012/220241:WARNING:pref_notifier_impl.cc(27)] pref observer found at shutdown profile.managed_default_content_settings.media_stream
[1012/220241:WARNING:pref_notifier_impl.cc(27)] pref observer found at shutdown profile.content_settings.pattern_pairs
[1012/220241:WARNING:pref_notifier_impl.cc(27)] pref observer found at shutdown profile.content_settings.exceptions.cookies
[1012/220241:WARNING:pref_notifier_impl.cc(27)] pref observer found at shutdown profile.content_settings.exceptions.mouselock
[1012/220241:WARNING:pref_notifier_impl.cc(27)] pref observer found at shutdown profile.content_settings.exceptions.plugins
[1012/220241:WARNING:pref_notifier_impl.cc(27)] pref observer found at shutdown profile.content_settings.exceptions.images
[1012/220241:WARNING:pref_notifier_impl.cc(27)] pref observer found at shutdown profile.content_settings.exceptions.automatic_downloads
[1012/220241:WARNING:pref_notifier_impl.cc(27)] pref observer found at shutdown profile.content_settings.exceptions.javascript
[1012/220241:WARNING:pref_notifier_impl.cc(27)] pref observer found at shutdown profile.content_settings.exceptions.mixed_script
[1012/220241:WARNING:pref_notifier_impl.cc(27)] pref observer found at shutdown profile.content_settings.exceptions.popups
[1012/220241:WARNING:pref_notifier_impl.cc(27)] pref observer found at shutdown profile.default_content_setting_values.images
[1012/220241:WARNING:pref_notifier_impl.cc(27)] pref observer found at shutdown profile.content_settings.exceptions.geolocation
[1012/220241:WARNING:pref_notifier_impl.cc(27)] pref observer found at shutdown profile.content_settings.exceptions.notifications
[1012/220241:WARNING:pref_notifier_impl.cc(27)] pref observer found at shutdown profile.content_settings.exceptions.auto_select_certificate
[1012/220241:WARNING:pref_notifier_impl.cc(27)] pref observer found at shutdown profile.content_settings.exceptions.fullscreen
[1012/220241:WARNING:pref_notifier_impl.cc(27)] pref observer found at shutdown profile.content_settings.exceptions.media_stream_camera
[1012/220241:WARNING:pref_notifier_impl.cc(27)] pref observer found at shutdown profile.content_settings.exceptions.midi_sysex
[1012/220241:WARNING:pref_notifier_impl.cc(27)] pref observer found at shutdown profile.default_content_setting_values.media_stream_mic
[1012/220241:WARNING:pref_notifier_impl.cc(27)] pref observer found at shutdown profile.content_settings.exceptions.push_messaging
[1012/220241:WARNING:pref_notifier_impl.cc(27)] pref observer found at shutdown profile.default_content_setting_values.fullscreen
[1012/220241:WARNING:pref_notifier_impl.cc(27)] pref observer found at shutdown profile.content_settings.exceptions.metro_switch_to_desktop
[1012/220241:WARNING:pref_notifier_impl.cc(27)] pref observer found at shutdown profile.default_content_setting_values.geolocation
[1012/220241:WARNING:pref_notifier_impl.cc(27)] pref observer found at shutdown profile.content_settings.exceptions.app_banner
[1012/220241:WARNING:pref_notifier_impl.cc(27)] pref observer found at shutdown profile.content_settings.exceptions.site_engagement
[1012/220241:WARNING:pref_notifier_impl.cc(27)] pref observer found at shutdown profile.content_settings.exceptions.durable_storage
[1012/220241:WARNING:pref_notifier_impl.cc(27)] pref observer found at shutdown profile.default_content_setting_values.popups
[1012/220241:WARNING:pref_notifier_impl.cc(27)] pref observer found at shutdown profile.default_content_setting_values.mixed_script
[1012/220241:WARNING:pref_notifier_impl.cc(27)] pref observer found at shutdown profile.default_content_setting_values.media_stream
[1012/220241:WARNING:pref_notifier_impl.cc(27)] pref observer found at shutdown profile.default_content_setting_values.protocol_handlers
[1012/220241:WARNING:pref_notifier_impl.cc(27)] pref observer found at shutdown profile.default_content_setting_values.ppapi_broker
[1012/220241:WARNING:pref_notifier_impl.cc(27)] pref observer found at shutdown profile.default_content_setting_values.automatic_downloads
[1012/220241:WARNING:pref_notifier_impl.cc(27)] pref observer found at shutdown profile.default_content_setting_values.midi_sysex
[1012/220241:WARNING:pref_notifier_impl.cc(27)] pref observer found at shutdown profile.default_content_setting_values.push_messaging
[1012/220241:WARNING:pref_notifier_impl.cc(27)] pref observer found at shutdown profile.default_content_setting_values.ssl_cert_decisions
[1012/220241:WARNING:pref_notifier_impl.cc(27)] pref observer found at shutdown profile.default_content_setting_values.metro_switch_to_desktop
[1012/220241:WARNING:pref_notifier_impl.cc(27)] pref observer found at shutdown profile.default_content_setting_values.site_engagement
[1012/220249:ERROR:proxy_service_factory.cc(129)] Cannot use V8 Proxy resolver in single process mode.
[1012/220324:WARNING:pref_notifier_impl.cc(27)] pref observer found at shutdown proxy
[1012/220324:WARNING:pref_notifier_impl.cc(27)] pref observer found at shutdown profile.managed_cookies_sessiononly_for_urls
[1012/220324:WARNING:pref_notifier_impl.cc(27)] pref observer found at shutdown profile.default_content_setting_values.auto_select_certificate
[1012/220324:WARNING:pref_notifier_impl.cc(27)] pref observer found at shutdown profile.managed_auto_select_certificate_for_urls
[1012/220324:WARNING:pref_notifier_impl.cc(27)] pref observer found at shutdown profile.default_content_settings
[1012/220324:WARNING:pref_notifier_impl.cc(27)] pref observer found at shutdown profile.managed_default_content_settings.plugins
[1012/220324:WARNING:pref_notifier_impl.cc(27)] pref observer found at shutdown profile.managed_javascript_blocked_for_urls
[1012/220324:WARNING:pref_notifier_impl.cc(27)] pref observer found at shutdown profile.managed_cookies_allowed_for_urls
[1012/220324:WARNING:pref_notifier_impl.cc(27)] pref observer found at shutdown profile.default_content_setting_values.notifications
[1012/220324:WARNING:pref_notifier_impl.cc(27)] pref observer found at shutdown profile.default_content_setting_values.app_banner
[1012/220324:WARNING:pref_notifier_impl.cc(27)] pref observer found at shutdown profile.managed_cookies_blocked_for_urls
[1012/220324:WARNING:pref_notifier_impl.cc(27)] pref observer found at shutdown profile.managed_images_allowed_for_urls
[1012/220324:WARNING:pref_notifier_impl.cc(27)] pref observer found at shutdown profile.managed_default_content_settings.cookies
[1012/220324:WARNING:pref_notifier_impl.cc(27)] pref observer found at shutdown profile.managed_images_blocked_for_urls
[1012/220324:WARNING:pref_notifier_impl.cc(27)] pref observer found at shutdown profile.managed_javascript_allowed_for_urls
[1012/220324:WARNING:pref_notifier_impl.cc(27)] pref observer found at shutdown profile.managed_plugins_blocked_for_urls
[1012/220324:WARNING:pref_notifier_impl.cc(27)] pref observer found at shutdown profile.content_settings.exceptions.ssl_cert_decisions
[1012/220324:WARNING:pref_notifier_impl.cc(27)] pref observer found at shutdown profile.managed_plugins_allowed_for_urls
[1012/220324:WARNING:pref_notifier_impl.cc(27)] pref observer found at shutdown profile.managed_popups_blocked_for_urls
[1012/220324:WARNING:pref_notifier_impl.cc(27)] pref observer found at shutdown profile.default_content_setting_values.mouselock
[1012/220324:WARNING:pref_notifier_impl.cc(27)] pref observer found at shutdown profile.default_content_setting_values.plugins
[1012/220324:WARNING:pref_notifier_impl.cc(27)] pref observer found at shutdown profile.managed_popups_allowed_for_urls
[1012/220324:WARNING:pref_notifier_impl.cc(27)] pref observer found at shutdown profile.default_content_setting_values.media_stream_camera
[1012/220324:WARNING:pref_notifier_impl.cc(27)] pref observer found at shutdown profile.default_content_setting_values.durable_storage
[1012/220324:WARNING:pref_notifier_impl.cc(27)] pref observer found at shutdown profile.content_settings.exceptions.media_stream_mic
[1012/220324:WARNING:pref_notifier_impl.cc(27)] pref observer found at shutdown profile.managed_notifications_allowed_for_urls
[1012/220324:WARNING:pref_notifier_impl.cc(27)] pref observer found at shutdown profile.managed_notifications_blocked_for_urls
[1012/220324:WARNING:pref_notifier_impl.cc(27)] pref observer found at shutdown profile.default_content_setting_values.javascript
[1012/220324:WARNING:pref_notifier_impl.cc(27)] pref observer found at shutdown profile.content_settings.exceptions.media_stream
[1012/220324:WARNING:pref_notifier_impl.cc(27)] pref observer found at shutdown profile.managed_default_content_settings.popups
[1012/220324:WARNING:pref_notifier_impl.cc(27)] pref observer found at shutdown profile.managed_default_content_settings.images
[1012/220324:WARNING:pref_notifier_impl.cc(27)] pref observer found at shutdown profile.managed_default_content_settings.javascript
[1012/220324:WARNING:pref_notifier_impl.cc(27)] pref observer found at shutdown profile.managed_default_content_settings.geolocation
[1012/220324:WARNING:pref_notifier_impl.cc(27)] pref observer found at shutdown profile.content_settings.exceptions.protocol_handlers
[1012/220324:WARNING:pref_notifier_impl.cc(27)] pref observer found at shutdown profile.content_settings.exceptions.ppapi_broker
[1012/220324:WARNING:pref_notifier_impl.cc(27)] pref observer found at shutdown profile.managed_default_content_settings.notifications
[1012/220324:WARNING:pref_notifier_impl.cc(27)] pref observer found at shutdown profile.default_content_setting_values.cookies
[1012/220324:WARNING:pref_notifier_impl.cc(27)] pref observer found at shutdown profile.managed_default_content_settings.media_stream
[1012/220324:WARNING:pref_notifier_impl.cc(27)] pref observer found at shutdown profile.content_settings.pattern_pairs
[1012/220324:WARNING:pref_notifier_impl.cc(27)] pref observer found at shutdown profile.content_settings.exceptions.cookies
[1012/220324:WARNING:pref_notifier_impl.cc(27)] pref observer found at shutdown profile.content_settings.exceptions.mouselock
[1012/220324:WARNING:pref_notifier_impl.cc(27)] pref observer found at shutdown profile.content_settings.exceptions.plugins
[1012/220324:WARNING:pref_notifier_impl.cc(27)] pref observer found at shutdown profile.content_settings.exceptions.images
[1012/220324:WARNING:pref_notifier_impl.cc(27)] pref observer found at shutdown profile.content_settings.exceptions.automatic_downloads
[1012/220324:WARNING:pref_notifier_impl.cc(27)] pref observer found at shutdown profile.content_settings.exceptions.javascript
[1012/220324:WARNING:pref_notifier_impl.cc(27)] pref observer found at shutdown profile.content_settings.exceptions.mixed_script
[1012/220324:WARNING:pref_notifier_impl.cc(27)] pref observer found at shutdown profile.content_settings.exceptions.popups
[1012/220324:WARNING:pref_notifier_impl.cc(27)] pref observer found at shutdown profile.default_content_setting_values.images
[1012/220324:WARNING:pref_notifier_impl.cc(27)] pref observer found at shutdown profile.content_settings.exceptions.geolocation
[1012/220324:WARNING:pref_notifier_impl.cc(27)] pref observer found at shutdown profile.content_settings.exceptions.notifications
[1012/220324:WARNING:pref_notifier_impl.cc(27)] pref observer found at shutdown profile.content_settings.exceptions.auto_select_certificate
[1012/220324:WARNING:pref_notifier_impl.cc(27)] pref observer found at shutdown profile.content_settings.exceptions.fullscreen
[1012/220324:WARNING:pref_notifier_impl.cc(27)] pref observer found at shutdown profile.content_settings.exceptions.media_stream_camera
[1012/220324:WARNING:pref_notifier_impl.cc(27)] pref observer found at shutdown profile.content_settings.exceptions.midi_sysex
[1012/220324:WARNING:pref_notifier_impl.cc(27)] pref observer found at shutdown profile.default_content_setting_values.media_stream_mic
[1012/220324:WARNING:pref_notifier_impl.cc(27)] pref observer found at shutdown profile.content_settings.exceptions.push_messaging
[1012/220324:WARNING:pref_notifier_impl.cc(27)] pref observer found at shutdown profile.default_content_setting_values.fullscreen
[1012/220324:WARNING:pref_notifier_impl.cc(27)] pref observer found at shutdown profile.content_settings.exceptions.metro_switch_to_desktop
[1012/220324:WARNING:pref_notifier_impl.cc(27)] pref observer found at shutdown profile.default_content_setting_values.geolocation
[1012/220324:WARNING:pref_notifier_impl.cc(27)] pref observer found at shutdown profile.content_settings.exceptions.app_banner
[1012/220324:WARNING:pref_notifier_impl.cc(27)] pref observer found at shutdown profile.content_settings.exceptions.site_engagement
[1012/220324:WARNING:pref_notifier_impl.cc(27)] pref observer found at shutdown profile.content_settings.exceptions.durable_storage
[1012/220324:WARNING:pref_notifier_impl.cc(27)] pref observer found at shutdown profile.default_content_setting_values.popups
[1012/220324:WARNING:pref_notifier_impl.cc(27)] pref observer found at shutdown profile.default_content_setting_values.mixed_script
[1012/220324:WARNING:pref_notifier_impl.cc(27)] pref observer found at shutdown profile.default_content_setting_values.media_stream
[1012/220324:WARNING:pref_notifier_impl.cc(27)] pref observer found at shutdown profile.default_content_setting_values.protocol_handlers
[1012/220324:WARNING:pref_notifier_impl.cc(27)] pref observer found at shutdown profile.default_content_setting_values.ppapi_broker
[1012/220324:WARNING:pref_notifier_impl.cc(27)] pref observer found at shutdown profile.default_content_setting_values.automatic_downloads
[1012/220324:WARNING:pref_notifier_impl.cc(27)] pref observer found at shutdown profile.default_content_setting_values.midi_sysex
[1012/220324:WARNING:pref_notifier_impl.cc(27)] pref observer found at shutdown profile.default_content_setting_values.push_messaging
[1012/220324:WARNING:pref_notifier_impl.cc(27)] pref observer found at shutdown profile.default_content_setting_values.ssl_cert_decisions
[1012/220324:WARNING:pref_notifier_impl.cc(27)] pref observer found at shutdown profile.default_content_setting_values.metro_switch_to_desktop
[1012/220324:WARNING:pref_notifier_impl.cc(27)] pref observer found at shutdown profile.default_content_setting_values.site_engagement
[1012/220336:ERROR:proxy_service_factory.cc(129)] Cannot use V8 Proxy resolver in single process mode.
[1012/220359:WARNING:pref_notifier_impl.cc(27)] pref observer found at shutdown proxy
[1012/220359:WARNING:pref_notifier_impl.cc(27)] pref observer found at shutdown profile.managed_cookies_sessiononly_for_urls
[1012/220359:WARNING:pref_notifier_impl.cc(27)] pref observer found at shutdown profile.default_content_setting_values.auto_select_certificate
[1012/220359:WARNING:pref_notifier_impl.cc(27)] pref observer found at shutdown profile.managed_auto_select_certificate_for_urls
[1012/220359:WARNING:pref_notifier_impl.cc(27)] pref observer found at shutdown profile.default_content_settings
[1012/220359:WARNING:pref_notifier_impl.cc(27)] pref observer found at shutdown profile.managed_default_content_settings.plugins
[1012/220359:WARNING:pref_notifier_impl.cc(27)] pref observer found at shutdown profile.managed_javascript_blocked_for_urls
[1012/220359:WARNING:pref_notifier_impl.cc(27)] pref observer found at shutdown profile.managed_cookies_allowed_for_urls
[1012/220359:WARNING:pref_notifier_impl.cc(27)] pref observer found at shutdown profile.default_content_setting_values.notifications
[1012/220359:WARNING:pref_notifier_impl.cc(27)] pref observer found at shutdown profile.default_content_setting_values.app_banner
[1012/220359:WARNING:pref_notifier_impl.cc(27)] pref observer found at shutdown profile.managed_cookies_blocked_for_urls
[1012/220359:WARNING:pref_notifier_impl.cc(27)] pref observer found at shutdown profile.managed_images_allowed_for_urls
[1012/220359:WARNING:pref_notifier_impl.cc(27)] pref observer found at shutdown profile.managed_default_content_settings.cookies
[1012/220359:WARNING:pref_notifier_impl.cc(27)] pref observer found at shutdown profile.managed_images_blocked_for_urls
[1012/220359:WARNING:pref_notifier_impl.cc(27)] pref observer found at shutdown profile.managed_javascript_allowed_for_urls
[1012/220359:WARNING:pref_notifier_impl.cc(27)] pref observer found at shutdown profile.managed_plugins_blocked_for_urls
[1012/220359:WARNING:pref_notifier_impl.cc(27)] pref observer found at shutdown profile.content_settings.exceptions.ssl_cert_decisions
[1012/220359:WARNING:pref_notifier_impl.cc(27)] pref observer found at shutdown profile.managed_plugins_allowed_for_urls
[1012/220359:WARNING:pref_notifier_impl.cc(27)] pref observer found at shutdown profile.managed_popups_blocked_for_urls
[1012/220359:WARNING:pref_notifier_impl.cc(27)] pref observer found at shutdown profile.default_content_setting_values.mouselock
[1012/220359:WARNING:pref_notifier_impl.cc(27)] pref observer found at shutdown profile.default_content_setting_values.plugins
[1012/220359:WARNING:pref_notifier_impl.cc(27)] pref observer found at shutdown profile.managed_popups_allowed_for_urls
[1012/220359:WARNING:pref_notifier_impl.cc(27)] pref observer found at shutdown profile.default_content_setting_values.media_stream_camera
[1012/220359:WARNING:pref_notifier_impl.cc(27)] pref observer found at shutdown profile.default_content_setting_values.durable_storage
[1012/220359:WARNING:pref_notifier_impl.cc(27)] pref observer found at shutdown profile.content_settings.exceptions.media_stream_mic
[1012/220359:WARNING:pref_notifier_impl.cc(27)] pref observer found at shutdown profile.managed_notifications_allowed_for_urls
[1012/220359:WARNING:pref_notifier_impl.cc(27)] pref observer found at shutdown profile.managed_notifications_blocked_for_urls
[1012/220359:WARNING:pref_notifier_impl.cc(27)] pref observer found at shutdown profile.default_content_setting_values.javascript
[1012/220359:WARNING:pref_notifier_impl.cc(27)] pref observer found at shutdown profile.content_settings.exceptions.media_stream
[1012/220359:WARNING:pref_notifier_impl.cc(27)] pref observer found at shutdown profile.managed_default_content_settings.popups
[1012/220359:WARNING:pref_notifier_impl.cc(27)] pref observer found at shutdown profile.managed_default_content_settings.images
[1012/220359:WARNING:pref_notifier_impl.cc(27)] pref observer found at shutdown profile.managed_default_content_settings.javascript
[1012/220359:WARNING:pref_notifier_impl.cc(27)] pref observer found at shutdown profile.managed_default_content_settings.geolocation
[1012/220359:WARNING:pref_notifier_impl.cc(27)] pref observer found at shutdown profile.content_settings.exceptions.protocol_handlers
[1012/220359:WARNING:pref_notifier_impl.cc(27)] pref observer found at shutdown profile.content_settings.exceptions.ppapi_broker
[1012/220359:WARNING:pref_notifier_impl.cc(27)] pref observer found at shutdown profile.managed_default_content_settings.notifications
[1012/220359:WARNING:pref_notifier_impl.cc(27)] pref observer found at shutdown profile.default_content_setting_values.cookies
[1012/220359:WARNING:pref_notifier_impl.cc(27)] pref observer found at shutdown profile.managed_default_content_settings.media_stream
[1012/220359:WARNING:pref_notifier_impl.cc(27)] pref observer found at shutdown profile.content_settings.pattern_pairs
[1012/220359:WARNING:pref_notifier_impl.cc(27)] pref observer found at shutdown profile.content_settings.exceptions.cookies
[1012/220359:WARNING:pref_notifier_impl.cc(27)] pref observer found at shutdown profile.content_settings.exceptions.mouselock
[1012/220359:WARNING:pref_notifier_impl.cc(27)] pref observer found at shutdown profile.content_settings.exceptions.plugins
[1012/220359:WARNING:pref_notifier_impl.cc(27)] pref observer found at shutdown profile.content_settings.exceptions.images
[1012/220359:WARNING:pref_notifier_impl.cc(27)] pref observer found at shutdown profile.content_settings.exceptions.automatic_downloads
[1012/220359:WARNING:pref_notifier_impl.cc(27)] pref observer found at shutdown profile.content_settings.exceptions.javascript
[1012/220359:WARNING:pref_notifier_impl.cc(27)] pref observer found at shutdown profile.content_settings.exceptions.mixed_script
[1012/220359:WARNING:pref_notifier_impl.cc(27)] pref observer found at shutdown profile.content_settings.exceptions.popups
[1012/220359:WARNING:pref_notifier_impl.cc(27)] pref observer found at shutdown profile.default_content_setting_values.images
[1012/220359:WARNING:pref_notifier_impl.cc(27)] pref observer found at shutdown profile.content_settings.exceptions.geolocation
[1012/220359:WARNING:pref_notifier_impl.cc(27)] pref observer found at shutdown profile.content_settings.exceptions.notifications
[1012/220359:WARNING:pref_notifier_impl.cc(27)] pref observer found at shutdown profile.content_settings.exceptions.auto_select_certificate
[1012/220359:WARNING:pref_notifier_impl.cc(27)] pref observer found at shutdown profile.content_settings.exceptions.fullscreen
[1012/220359:WARNING:pref_notifier_impl.cc(27)] pref observer found at shutdown profile.content_settings.exceptions.media_stream_camera
[1012/220359:WARNING:pref_notifier_impl.cc(27)] pref observer found at shutdown profile.content_settings.exceptions.midi_sysex
[1012/220359:WARNING:pref_notifier_impl.cc(27)] pref observer found at shutdown profile.default_content_setting_values.media_stream_mic
[1012/220359:WARNING:pref_notifier_impl.cc(27)] pref observer found at shutdown profile.content_settings.exceptions.push_messaging
[1012/220359:WARNING:pref_notifier_impl.cc(27)] pref observer found at shutdown profile.default_content_setting_values.fullscreen
[1012/220359:WARNING:pref_notifier_impl.cc(27)] pref observer found at shutdown profile.content_settings.exceptions.metro_switch_to_desktop
[1012/220359:WARNING:pref_notifier_impl.cc(27)] pref observer found at shutdown profile.default_content_setting_values.geolocation
[1012/220359:WARNING:pref_notifier_impl.cc(27)] pref observer found at shutdown profile.content_settings.exceptions.app_banner
[1012/220359:WARNING:pref_notifier_impl.cc(27)] pref observer found at shutdown profile.content_settings.exceptions.site_engagement
[1012/220359:WARNING:pref_notifier_impl.cc(27)] pref observer found at shutdown profile.content_settings.exceptions.durable_storage
[1012/220359:WARNING:pref_notifier_impl.cc(27)] pref observer found at shutdown profile.default_content_setting_values.popups
[1012/220359:WARNING:pref_notifier_impl.cc(27)] pref observer found at shutdown profile.default_content_setting_values.mixed_script
[1012/220359:WARNING:pref_notifier_impl.cc(27)] pref observer found at shutdown profile.default_content_setting_values.media_stream
[1012/220359:WARNING:pref_notifier_impl.cc(27)] pref observer found at shutdown profile.default_content_setting_values.protocol_handlers
[1012/220359:WARNING:pref_notifier_impl.cc(27)] pref observer found at shutdown profile.default_content_setting_values.ppapi_broker
[1012/220359:WARNING:pref_notifier_impl.cc(27)] pref observer found at shutdown profile.default_content_setting_values.automatic_downloads
[1012/220359:WARNING:pref_notifier_impl.cc(27)] pref observer found at shutdown profile.default_content_setting_values.midi_sysex
[1012/220359:WARNING:pref_notifier_impl.cc(27)] pref observer found at shutdown profile.default_content_setting_values.push_messaging
[1012/220359:WARNING:pref_notifier_impl.cc(27)] pref observer found at shutdown profile.default_content_setting_values.ssl_cert_decisions
[1012/220359:WARNING:pref_notifier_impl.cc(27)] pref observer found at shutdown profile.default_content_setting_values.metro_switch_to_desktop
[1012/220359:WARNING:pref_notifier_impl.cc(27)] pref observer found at shutdown profile.default_content_setting_values.site_engagement
[1012/220422:ERROR:proxy_service_factory.cc(129)] Cannot use V8 Proxy resolver in single process mode.
